<?xml version="1.0" encoding="UTF-8"?>
<!-- Generated by org.testng.reporters.JUnitXMLReporter -->
<testsuite ignored="3" hostname="LP-TZD-5X45755" failures="0" tests="1" name="Default test" time="27.2" errors="0" timestamp="2026-01-31T10:03:49 IST">
  <testcase classname="Demo.LeaveTest" name="addLeaveType" time="16.563"/>
  <testcase classname="Demo.LeaveTest" name="applyLeave" time="0.0">
    <ignored/>
  </testcase> <!-- applyLeave -->
  <testcase classname="Demo.LeaveTest" name="loginTestWithValidCredential" time="0.0">
    <ignored/>
  </testcase> <!-- loginTestWithValidCredential -->
  <testcase classname="Demo.LeaveTest" name="assignLeave" time="0.0">
    <ignored/>
  </testcase> <!-- assignLeave -->
</testsuite> <!-- Default test -->
