<?xml version="1.0" encoding="UTF-8"?>
<!-- Generated by org.testng.reporters.JUnitXMLReporter -->
<testsuite ignored="0" hostname="LP-TZD-5X45755" failures="0" tests="6" name="Default test" time="152.837" errors="0" timestamp="2026-02-06T16:06:55 IST">
  <testcase classname="com.orhrm.tests.LeaveTests" name="addLeaveType" time="16.35"/>
  <testcase classname="com.orhrm.tests.LeaveTests" name="loginTestWithInvalidUsername" time="6.925"/>
  <testcase classname="com.orhrm.tests.LeaveTests" name="loginTestWithValidCredential" time="14.869"/>
  <testcase classname="com.orhrm.tests.LeaveTests" name="pimSearch_EmployeeFilters" time="23.069"/>
  <testcase classname="com.orhrm.tests.LeaveTests" name="time_Timesheets_then_ProjectInfo_Customers_Add" time="21.329"/>
  <testcase classname="com.orhrm.tests.NewTest" name="appium" time="15.331"/>
</testsuite> <!-- Default test -->
