<?xml version="1.0" encoding="UTF-8"?>
<testng-results ignored="3" total="4" passed="1" failed="0" skipped="0">
  <reporter-output>
  </reporter-output>
  <suite started-at="2026-01-31T10:03:21 IST" name="Default suite" finished-at="2026-01-31T10:03:49 IST" duration-ms="27200">
    <groups>
    </groups>
    <test started-at="2026-01-31T10:03:21 IST" name="Default test" finished-at="2026-01-31T10:03:49 IST" duration-ms="27200">
      <class name="Demo.LeaveTest">
        <test-method is-config="true" signature="setup()[pri:0, instance:Demo.LeaveTest@4c402120]" started-at="2026-01-31T10:03:21 IST" name="setup" finished-at="2026-01-31T10:03:31 IST" duration-ms="9354" status="PASS">
          <reporter-output>
          </reporter-output>
        </test-method> <!-- setup -->
        <test-method signature="addLeaveType()[pri:4, instance:Demo.LeaveTest@4c402120]" started-at="2026-01-31T10:03:31 IST" name="addLeaveType" finished-at="2026-01-31T10:03:47 IST" duration-ms="16563" status="PASS">
          <reporter-output>
          </reporter-output>
        </test-method> <!-- addLeaveType -->
        <test-method is-config="true" signature="tearDown()[pri:0, instance:Demo.LeaveTest@4c402120]" started-at="2026-01-31T10:03:47 IST" name="tearDown" finished-at="2026-01-31T10:03:49 IST" duration-ms="1176" status="PASS">
          <reporter-output>
          </reporter-output>
        </test-method> <!-- tearDown -->
      </class> <!-- Demo.LeaveTest -->
    </test> <!-- Default test -->
  </suite> <!-- Default suite -->
</testng-results>
