<?xml version="1.0" encoding="UTF-8"?>
<!-- Generated by org.testng.reporters.JUnitReportReporter -->
<testsuite hostname="LP-TZD-5X45755" failures="0" tests="5" name="com.orhrm.tests.LeaveTests" time="137.392" errors="0" timestamp="2026-02-06T16:06:55 IST" skipped="0">
  <testcase classname="com.orhrm.tests.LeaveTests" name="loginTestWithInvalidUsername" time="16.799"/>
  <testcase classname="com.orhrm.tests.LeaveTests" name="loginTestWithValidCredential" time="25.317"/>
  <testcase classname="com.orhrm.tests.LeaveTests" name="time_Timesheets_then_ProjectInfo_Customers_Add" time="32.726"/>
  <testcase classname="com.orhrm.tests.LeaveTests" name="pimSearch_EmployeeFilters" time="34.755"/>
  <testcase classname="com.orhrm.tests.LeaveTests" name="addLeaveType" time="27.795"/>
</testsuite> <!-- com.orhrm.tests.LeaveTests -->
