<?xml version="1.0" encoding="UTF-8"?>
<!-- Generated by org.testng.reporters.JUnitReportReporter -->
<testsuite hostname="LP-TZD-5X45755" failures="0" tests="5" name="com.orhrm.tests.LeaveTests" time="102.944" errors="0" timestamp="2026-02-07T09:22:34 IST" skipped="0">
  <testcase classname="com.orhrm.tests.LeaveTests" name="loginTestWithInvalidUsername" time="12.079"/>
  <testcase classname="com.orhrm.tests.LeaveTests" name="time_Timesheets_then_ProjectInfo_Customers_Add" time="23.425"/>
  <testcase classname="com.orhrm.tests.LeaveTests" name="pimSearch_EmployeeFilters" time="28.217"/>
  <testcase classname="com.orhrm.tests.LeaveTests" name="loginTestWithValidCredential" time="18.767"/>
  <testcase classname="com.orhrm.tests.LeaveTests" name="addLeaveType" time="20.456"/>
</testsuite> <!-- com.orhrm.tests.LeaveTests -->
