<?xml version="1.0" encoding="UTF-8"?>
<!-- Generated by org.testng.reporters.JUnitReportReporter -->
<testsuite hostname="LP-TZD-5X45755" failures="0" tests="4" name="Demo.LeaveTest" time="16.563" errors="0" timestamp="2026-01-31T10:03:49 IST" skipped="3">
  <testcase classname="Demo.LeaveTest" name="addLeaveType" time="16.563"/>
  <testcase classname="Demo.LeaveTest" name="applyLeave">
    <skipped/>
  </testcase> <!-- applyLeave -->
  <testcase classname="Demo.LeaveTest" name="loginTestWithValidCredential">
    <skipped/>
  </testcase> <!-- loginTestWithValidCredential -->
  <testcase classname="Demo.LeaveTest" name="assignLeave">
    <skipped/>
  </testcase> <!-- assignLeave -->
</testsuite> <!-- Demo.LeaveTest -->
